digraph Tree {
0 [label="X[132] <= 0.5000\ngini = 0.393374863616\nsamples = 10691", shape="box"] ;
1 [label="X[98] <= 0.5000\ngini = 0.180093944954\nsamples = 8515", shape="box"] ;
0 -> 1 ;
2 [label="X[58] <= 0.5000\ngini = 0.127568734985\nsamples = 8120", shape="box"] ;
1 -> 2 ;
3 [label="X[123] <= 0.5000\ngini = 0.103825265456\nsamples = 7992", shape="box"] ;
2 -> 3 ;
4 [label="X[267] <= 0.5000\ngini = 0.0841622441257\nsamples = 7883", shape="box"] ;
3 -> 4 ;
5 [label="X[255] <= 1.5000\ngini = 0.0614337475884\nsamples = 7660", shape="box"] ;
4 -> 5 ;
6 [label="X[57] <= 1.5000\ngini = 0.0504337090176\nsamples = 7610", shape="box"] ;
5 -> 6 ;
7 [label="X[281] <= 0.5000\ngini = 0.0426815385431\nsamples = 7563", shape="box"] ;
6 -> 7 ;
8 [label="X[69] <= 0.5000\ngini = 0.0402010180619\nsamples = 7553", shape="box"] ;
7 -> 8 ;
9 [label="X[162] <= 0.5000\ngini = 0.0389557705091\nsamples = 7548", shape="box"] ;
8 -> 9 ;
10 [label="X[301] <= 1.5000\ngini = 0.0357957316682\nsamples = 7515", shape="box"] ;
9 -> 10 ;
11 [label="X[295] <= 1.5000\ngini = 0.0328596111441\nsamples = 7481", shape="box"] ;
10 -> 11 ;
12 [label="X[257] <= 1.5000\ngini = 0.0298952019308\nsamples = 7445", shape="box"] ;
11 -> 12 ;
13 [label="X[185] <= 0.5000\ngini = 0.0274065494936\nsamples = 7412", shape="box"] ;
12 -> 13 ;
14 [label="X[255] <= 0.5000\ngini = 0.0258760215347\nsamples = 7399", shape="box"] ;
13 -> 14 ;
15 [label="X[57] <= 0.5000\ngini = 0.023620785636\nsamples = 7362", shape="box"] ;
14 -> 15 ;
16 [label="X[126] <= 1.5000\ngini = 0.0199651467324\nsamples = 7239", shape="box"] ;
15 -> 16 ;
17 [label="X[46] <= 0.5000\ngini = 0.0186540388108\nsamples = 7222", shape="box"] ;
16 -> 17 ;
18 [label="X[232] <= 0.5000\ngini = 0.0164448624749\nsamples = 7116", shape="box"] ;
17 -> 18 ;
19 [label="X[126] <= 0.5000\ngini = 0.0156589799547\nsamples = 7096", shape="box"] ;
18 -> 19 ;
20 [label="X[89] <= 2.5000\ngini = 0.014649153007\nsamples = 7047", shape="box"] ;
19 -> 20 ;
21 [label="X[224] <= 2.5000\ngini = 0.0143796207621\nsamples = 7042", shape="box"] ;
20 -> 21 ;
22 [label="X[120] <= 1.5000\ngini = 0.0141096305165\nsamples = 7037", shape="box"] ;
21 -> 22 ;
23 [label="X[2] <= 3.5000\ngini = 0.0138391811333\nsamples = 7032", shape="box"] ;
22 -> 23 ;
24 [label="X[106] <= 0.5000\ngini = 0.0135701893394\nsamples = 7026", shape="box"] ;
23 -> 24 ;
25 [label="X[217] <= 1.5000\ngini = 0.013300663144\nsamples = 7020", shape="box"] ;
24 -> 25 ;
26 [label="X[184] <= 1.5000\ngini = 0.0130306009839\nsamples = 7014", shape="box"] ;
25 -> 26 ;
27 [label="X[75] <= 0.5000\ngini = 0.0122782293477\nsamples = 6961", shape="box"] ;
26 -> 27 ;
28 [label="X[152] <= 2.5000\ngini = 0.0100530564307\nsamples = 6532", shape="box"] ;
27 -> 28 ;
29 [label="X[130] <= 1.5000\ngini = 0.00975735045871\nsamples = 6527", shape="box"] ;
28 -> 29 ;
30 [label="X[300] <= 4.5000\ngini = 0.00946832576708\nsamples = 6517", shape="box"] ;
29 -> 30 ;
31 [label="X[24] <= 0.5000\ngini = 0.0091825410874\nsamples = 6504", shape="box"] ;
30 -> 31 ;
32 [label="X[207] <= 1.5000\ngini = 0.0139054518568\nsamples = 3999", shape="box"] ;
31 -> 32 ;
33 [label="X[21] <= 0.5000\ngini = 0.0134288814293\nsamples = 3994", shape="box"] ;
32 -> 33 ;
34 [label="X[178] <= 0.5000\ngini = 0.0129605651894\nsamples = 3986", shape="box"] ;
33 -> 34 ;
35 [label="X[239] <= 0.5000\ngini = 0.0124963817108\nsamples = 3976", shape="box"] ;
34 -> 35 ;
36 [label="X[248] <= 0.5000\ngini = 0.0120477502296\nsamples = 3960", shape="box"] ;
35 -> 36 ;
37 [label="X[249] <= 0.5000\ngini = 0.0116040447141\nsamples = 3941", shape="box"] ;
36 -> 37 ;
38 [label="X[261] <= 2.5000\ngini = 0.0111558355812\nsamples = 3922", shape="box"] ;
37 -> 38 ;
39 [label="X[210] <= 0.5000\ngini = 0.010703054057\nsamples = 3903", shape="box"] ;
38 -> 39 ;
40 [label="X[192] <= 0.5000\ngini = 0.0148249699792\nsamples = 2678", shape="box"] ;
39 -> 40 ;
41 [label="X[31] <= 0.5000\ngini = 0.0141783815975\nsamples = 2661", shape="box"] ;
40 -> 41 ;
42 [label="X[26] <= 0.5000\ngini = 0.0181196104569\nsamples = 2078", shape="box"] ;
41 -> 42 ;
43 [label="X[6] <= 0.5000\ngini = 0.0219119584527\nsamples = 1715", shape="box"] ;
42 -> 43 ;
44 [label="X[264] <= 0.5000\ngini = 0.0254820046668\nsamples = 1472", shape="box"] ;
43 -> 44 ;
45 [label="X[177] <= 0.5000\ngini = 0.0296576008198\nsamples = 1262", shape="box"] ;
44 -> 45 ;
46 [label="X[129] <= 0.5000\ngini = 0.0282295042749\nsamples = 1257", shape="box"] ;
45 -> 46 ;
47 [label="X[105] <= 0.5000\ngini = 0.0335722952951\nsamples = 1054", shape="box"] ;
46 -> 47 ;
48 [label="X[15] <= 0.5000\ngini = 0.0370238519046\nsamples = 954", shape="box"] ;
47 -> 48 ;
49 [label="X[107] <= 0.5000\ngini = 0.0403416261278\nsamples = 874", shape="box"] ;
48 -> 49 ;
50 [label="X[234] <= 0.5000\ngini = 0.0434567901235\nsamples = 810", shape="box"] ;
49 -> 50 ;
51 [label="X[72] <= 0.5000\ngini = 0.0416478044364\nsamples = 799", shape="box"] ;
50 -> 51 ;
52 [label="X[76] <= 0.5000\ngini = 0.0449497455692\nsamples = 739", shape="box"] ;
51 -> 52 ;
53 [label="X[3] <= 0.5000\ngini = 0.0481975054083\nsamples = 688", shape="box"] ;
52 -> 53 ;
54 [label="X[164] <= 0.5000\ngini = 0.0518715421429\nsamples = 638", shape="box"] ;
53 -> 54 ;
55 [label="X[243] <= 0.5000\ngini = 0.0556009024022\nsamples = 594", shape="box"] ;
54 -> 55 ;
56 [label="X[99] <= 0.5000\ngini = 0.0593847901956\nsamples = 555", shape="box"] ;
55 -> 56 ;
57 [label="X[154] <= 0.5000\ngini = 0.0631297409013\nsamples = 521", shape="box"] ;
56 -> 57 ;
58 [label="X[189] <= 0.5000\ngini = 0.0668489014066\nsamples = 491", shape="box"] ;
57 -> 58 ;
59 [label="X[181] <= 0.5000\ngini = 0.0701548450403\nsamples = 467", shape="box"] ;
58 -> 59 ;
60 [label="X[199] <= 0.5000\ngini = 0.0731698772328\nsamples = 447", shape="box"] ;
59 -> 60 ;
61 [label="X[5] <= 0.5000\ngini = 0.0762839549306\nsamples = 428", shape="box"] ;
60 -> 61 ;
62 [label="X[263] <= 0.5000\ngini = 0.0791191441229\nsamples = 412", shape="box"] ;
61 -> 62 ;
63 [label="X[160] <= 0.5000\ngini = 0.0821727374758\nsamples = 396", shape="box"] ;
62 -> 63 ;
64 [label="X[242] <= 0.5000\ngini = 0.085257059403\nsamples = 381", shape="box"] ;
63 -> 64 ;
65 [label="X[51] <= 0.5000\ngini = 0.0883516842504\nsamples = 367", shape="box"] ;
64 -> 65 ;
66 [label="X[54] <= 0.5000\ngini = 0.0916787711963\nsamples = 353", shape="box"] ;
65 -> 66 ;
67 [label="X[7] <= 0.5000\ngini = 0.0947360273819\nsamples = 341", shape="box"] ;
66 -> 67 ;
68 [label="X[117] <= 0.5000\ngini = 0.097722681359\nsamples = 330", shape="box"] ;
67 -> 68 ;
69 [label="X[280] <= 0.5000\ngini = 0.10060546875\nsamples = 320", shape="box"] ;
68 -> 69 ;
70 [label="X[121] <= 0.5000\ngini = 0.103662851197\nsamples = 310", shape="box"] ;
69 -> 70 ;
71 [label="X[119] <= 0.5000\ngini = 0.106577190097\nsamples = 301", shape="box"] ;
70 -> 71 ;
72 [label="X[80] <= 0.5000\ngini = 0.109308203939\nsamples = 293", shape="box"] ;
71 -> 72 ;
73 [label="X[104] <= 0.5000\ngini = 0.111814758668\nsamples = 286", shape="box"] ;
72 -> 73 ;
74 [label="X[287] <= 0.5000\ngini = 0.114438406495\nsamples = 279", shape="box"] ;
73 -> 74 ;
75 [label="X[179] <= 0.5000\ngini = 0.116786754149\nsamples = 273", shape="box"] ;
74 -> 75 ;
76 [label="X[9] <= 0.5000\ngini = 0.119232981245\nsamples = 267", shape="box"] ;
75 -> 76 ;
77 [label="X[32] <= 0.5000\ngini = 0.121783297368\nsamples = 261", shape="box"] ;
76 -> 77 ;
78 [label="X[20] <= 0.5000\ngini = 0.124444444444\nsamples = 255", shape="box"] ;
77 -> 78 ;
79 [label="X[284] <= 0.5000\ngini = 0.127223754456\nsamples = 249", shape="box"] ;
78 -> 79 ;
80 [label="X[208] <= 0.5000\ngini = 0.13012921472\nsamples = 243", shape="box"] ;
79 -> 80 ;
81 [label="X[96] <= 0.5000\ngini = 0.132653061224\nsamples = 238", shape="box"] ;
80 -> 81 ;
82 [label="X[220] <= 0.5000\ngini = 0.135276022767\nsamples = 233", shape="box"] ;
81 -> 82 ;
83 [label="gini = 0.1380\nsamples = 228\nvalue = [  17.  211.]", shape="box"] ;
82 -> 83 ;
84 [label="gini = 0.0000\nsamples = 5\nvalue = [ 0.  5.]", shape="box"] ;
82 -> 84 ;
85 [label="gini = 0.0000\nsamples = 5\nvalue = [ 0.  5.]", shape="box"] ;
81 -> 85 ;
86 [label="gini = 0.0000\nsamples = 5\nvalue = [ 0.  5.]", shape="box"] ;
80 -> 86 ;
87 [label="gini = 0.0000\nsamples = 6\nvalue = [ 0.  6.]", shape="box"] ;
79 -> 87 ;
88 [label="gini = 0.0000\nsamples = 6\nvalue = [ 0.  6.]", shape="box"] ;
78 -> 88 ;
89 [label="gini = 0.0000\nsamples = 6\nvalue = [ 0.  6.]", shape="box"] ;
77 -> 89 ;
90 [label="gini = 0.0000\nsamples = 6\nvalue = [ 0.  6.]", shape="box"] ;
76 -> 90 ;
91 [label="gini = 0.0000\nsamples = 6\nvalue = [ 0.  6.]", shape="box"] ;
75 -> 91 ;
92 [label="gini = 0.0000\nsamples = 6\nvalue = [ 0.  6.]", shape="box"] ;
74 -> 92 ;
93 [label="gini = 0.0000\nsamples = 7\nvalue = [ 0.  7.]", shape="box"] ;
73 -> 93 ;
94 [label="gini = 0.0000\nsamples = 7\nvalue = [ 0.  7.]", shape="box"] ;
72 -> 94 ;
95 [label="gini = 0.0000\nsamples = 8\nvalue = [ 0.  8.]", shape="box"] ;
71 -> 95 ;
96 [label="gini = 0.0000\nsamples = 9\nvalue = [ 0.  9.]", shape="box"] ;
70 -> 96 ;
97 [label="gini = 0.0000\nsamples = 10\nvalue = [  0.  10.]", shape="box"] ;
69 -> 97 ;
98 [label="gini = 0.0000\nsamples = 10\nvalue = [  0.  10.]", shape="box"] ;
68 -> 98 ;
99 [label="gini = 0.0000\nsamples = 11\nvalue = [  0.  11.]", shape="box"] ;
67 -> 99 ;
100 [label="gini = 0.0000\nsamples = 12\nvalue = [  0.  12.]", shape="box"] ;
66 -> 100 ;
101 [label="gini = 0.0000\nsamples = 14\nvalue = [  0.  14.]", shape="box"] ;
65 -> 101 ;
102 [label="gini = 0.0000\nsamples = 14\nvalue = [  0.  14.]", shape="box"] ;
64 -> 102 ;
103 [label="gini = 0.0000\nsamples = 15\nvalue = [  0.  15.]", shape="box"] ;
63 -> 103 ;
104 [label="gini = 0.0000\nsamples = 16\nvalue = [  0.  16.]", shape="box"] ;
62 -> 104 ;
105 [label="gini = 0.0000\nsamples = 16\nvalue = [  0.  16.]", shape="box"] ;
61 -> 105 ;
106 [label="gini = 0.0000\nsamples = 19\nvalue = [  0.  19.]", shape="box"] ;
60 -> 106 ;
107 [label="gini = 0.0000\nsamples = 20\nvalue = [  0.  20.]", shape="box"] ;
59 -> 107 ;
108 [label="gini = 0.0000\nsamples = 24\nvalue = [  0.  24.]", shape="box"] ;
58 -> 108 ;
109 [label="gini = 0.0000\nsamples = 30\nvalue = [  0.  30.]", shape="box"] ;
57 -> 109 ;
110 [label="gini = 0.0000\nsamples = 34\nvalue = [  0.  34.]", shape="box"] ;
56 -> 110 ;
111 [label="gini = 0.0000\nsamples = 39\nvalue = [  0.  39.]", shape="box"] ;
55 -> 111 ;
112 [label="gini = 0.0000\nsamples = 44\nvalue = [  0.  44.]", shape="box"] ;
54 -> 112 ;
113 [label="gini = 0.0000\nsamples = 50\nvalue = [  0.  50.]", shape="box"] ;
53 -> 113 ;
114 [label="gini = 0.0000\nsamples = 51\nvalue = [  0.  51.]", shape="box"] ;
52 -> 114 ;
115 [label="gini = 0.0000\nsamples = 60\nvalue = [  0.  60.]", shape="box"] ;
51 -> 115 ;
116 [label="X[208] <= 0.5000\ngini = 0.165289256198\nsamples = 11", shape="box"] ;
50 -> 116 ;
117 [label="gini = 0.3200\nsamples = 5\nvalue = [ 1.  4.]", shape="box"] ;
116 -> 117 ;
118 [label="gini = 0.0000\nsamples = 6\nvalue = [ 0.  6.]", shape="box"] ;
116 -> 118 ;
119 [label="gini = 0.0000\nsamples = 64\nvalue = [  0.  64.]", shape="box"] ;
49 -> 119 ;
120 [label="gini = 0.0000\nsamples = 80\nvalue = [  0.  80.]", shape="box"] ;
48 -> 120 ;
121 [label="gini = 0.0000\nsamples = 100\nvalue = [   0.  100.]", shape="box"] ;
47 -> 121 ;
122 [label="gini = 0.0000\nsamples = 203\nvalue = [   0.  203.]", shape="box"] ;
46 -> 122 ;
123 [label="gini = 0.3200\nsamples = 5\nvalue = [ 1.  4.]", shape="box"] ;
45 -> 123 ;
124 [label="gini = 0.0000\nsamples = 210\nvalue = [   0.  210.]", shape="box"] ;
44 -> 124 ;
125 [label="gini = 0.0000\nsamples = 243\nvalue = [   0.  243.]", shape="box"] ;
43 -> 125 ;
126 [label="gini = 0.0000\nsamples = 363\nvalue = [   0.  363.]", shape="box"] ;
42 -> 126 ;
127 [label="gini = 0.0000\nsamples = 583\nvalue = [   0.  583.]", shape="box"] ;
41 -> 127 ;
128 [label="X[138] <= 0.5000\ngini = 0.110726643599\nsamples = 17", shape="box"] ;
40 -> 128 ;
129 [label="gini = 0.0000\nsamples = 12\nvalue = [  0.  12.]", shape="box"] ;
128 -> 129 ;
130 [label="gini = 0.3200\nsamples = 5\nvalue = [ 1.  4.]", shape="box"] ;
128 -> 130 ;
131 [label="X[77] <= 0.5000\ngini = 0.00163132028322\nsamples = 1225", shape="box"] ;
39 -> 131 ;
132 [label="gini = 0.0000\nsamples = 1216\nvalue = [    0.  1216.]", shape="box"] ;
131 -> 132 ;
133 [label="gini = 0.1975\nsamples = 9\nvalue = [ 1.  8.]", shape="box"] ;
131 -> 133 ;
134 [label="X[169] <= 0.5000\ngini = 0.0997229916898\nsamples = 19", shape="box"] ;
38 -> 134 ;
135 [label="gini = 0.0000\nsamples = 14\nvalue = [  0.  14.]", shape="box"] ;
134 -> 135 ;
136 [label="gini = 0.3200\nsamples = 5\nvalue = [ 1.  4.]", shape="box"] ;
134 -> 136 ;
137 [label="X[129] <= 0.5000\ngini = 0.0997229916898\nsamples = 19", shape="box"] ;
37 -> 137 ;
138 [label="gini = 0.0000\nsamples = 13\nvalue = [  0.  13.]", shape="box"] ;
137 -> 138 ;
139 [label="gini = 0.2778\nsamples = 6\nvalue = [ 1.  5.]", shape="box"] ;
137 -> 139 ;
140 [label="X[31] <= 0.5000\ngini = 0.0997229916898\nsamples = 19", shape="box"] ;
36 -> 140 ;
141 [label="gini = 0.3200\nsamples = 5\nvalue = [ 1.  4.]", shape="box"] ;
140 -> 141 ;
142 [label="gini = 0.0000\nsamples = 14\nvalue = [  0.  14.]", shape="box"] ;
140 -> 142 ;
143 [label="X[127] <= 0.5000\ngini = 0.1171875\nsamples = 16", shape="box"] ;
35 -> 143 ;
144 [label="gini = 0.0000\nsamples = 11\nvalue = [  0.  11.]", shape="box"] ;
143 -> 144 ;
145 [label="gini = 0.3200\nsamples = 5\nvalue = [ 1.  4.]", shape="box"] ;
143 -> 145 ;
146 [label="X[129] <= 1.5000\ngini = 0.18\nsamples = 10", shape="box"] ;
34 -> 146 ;
147 [label="gini = 0.3200\nsamples = 5\nvalue = [ 1.  4.]", shape="box"] ;
146 -> 147 ;
148 [label="gini = 0.0000\nsamples = 5\nvalue = [ 0.  5.]", shape="box"] ;
146 -> 148 ;
149 [label="gini = 0.2188\nsamples = 8\nvalue = [ 1.  7.]", shape="box"] ;
33 -> 149 ;
150 [label="gini = 0.3200\nsamples = 5\nvalue = [ 1.  4.]", shape="box"] ;
32 -> 150 ;
151 [label="X[257] <= 0.5000\ngini = 0.00159553149191\nsamples = 2505", shape="box"] ;
31 -> 151 ;
152 [label="X[295] <= 0.5000\ngini = 0.000812347550681\nsamples = 2461", shape="box"] ;
151 -> 152 ;
153 [label="gini = 0.0000\nsamples = 2406\nvalue = [    0.  2406.]", shape="box"] ;
152 -> 153 ;
154 [label="X[24] <= 1.5000\ngini = 0.0357024793388\nsamples = 55", shape="box"] ;
152 -> 154 ;
155 [label="gini = 0.3200\nsamples = 5\nvalue = [ 1.  4.]", shape="box"] ;
154 -> 155 ;
156 [label="gini = 0.0000\nsamples = 50\nvalue = [  0.  50.]", shape="box"] ;
154 -> 156 ;
157 [label="X[20] <= 0.5000\ngini = 0.0444214876033\nsamples = 44", shape="box"] ;
151 -> 157 ;
158 [label="gini = 0.0000\nsamples = 39\nvalue = [  0.  39.]", shape="box"] ;
157 -> 158 ;
159 [label="gini = 0.3200\nsamples = 5\nvalue = [ 1.  4.]", shape="box"] ;
157 -> 159 ;
160 [label="X[27] <= 0.5000\ngini = 0.14201183432\nsamples = 13", shape="box"] ;
30 -> 160 ;
161 [label="gini = 0.3200\nsamples = 5\nvalue = [ 1.  4.]", shape="box"] ;
160 -> 161 ;
162 [label="gini = 0.0000\nsamples = 8\nvalue = [ 0.  8.]", shape="box"] ;
160 -> 162 ;
163 [label="X[94] <= 0.5000\ngini = 0.18\nsamples = 10", shape="box"] ;
29 -> 163 ;
164 [label="gini = 0.3200\nsamples = 5\nvalue = [ 1.  4.]", shape="box"] ;
163 -> 164 ;
165 [label="gini = 0.0000\nsamples = 5\nvalue = [ 0.  5.]", shape="box"] ;
163 -> 165 ;
166 [label="gini = 0.3200\nsamples = 5\nvalue = [ 1.  4.]", shape="box"] ;
28 -> 166 ;
167 [label="X[186] <= 0.5000\ngini = 0.0455333322466\nsamples = 429", shape="box"] ;
27 -> 167 ;
168 [label="X[4] <= 0.5000\ngini = 0.0376332027903\nsamples = 417", shape="box"] ;
167 -> 168 ;
169 [label="X[97] <= 0.5000\ngini = 0.0334032425299\nsamples = 412", shape="box"] ;
168 -> 169 ;
170 [label="X[294] <= 1.5000\ngini = 0.0290493754867\nsamples = 407", shape="box"] ;
169 -> 170 ;
171 [label="X[31] <= 0.5000\ngini = 0.0245662236083\nsamples = 402", shape="box"] ;
170 -> 171 ;
172 [label="X[107] <= 1.5000\ngini = 0.0584264769923\nsamples = 166", shape="box"] ;
171 -> 172 ;
173 [label="X[84] <= 0.5000\ngini = 0.0484549207207\nsamples = 161", shape="box"] ;
172 -> 173 ;
174 [label="X[138] <= 0.5000\ngini = 0.0382020576826\nsamples = 154", shape="box"] ;
173 -> 174 ;
175 [label="X[95] <= 0.5000\ngini = 0.0272057074911\nsamples = 145", shape="box"] ;
174 -> 175 ;
176 [label="X[242] <= 0.5000\ngini = 0.0151506322475\nsamples = 131", shape="box"] ;
175 -> 176 ;
177 [label="gini = 0.0000\nsamples = 94\nvalue = [  0.  94.]", shape="box"] ;
176 -> 177 ;
178 [label="X[26] <= 1.5000\ngini = 0.0525931336742\nsamples = 37", shape="box"] ;
176 -> 178 ;
179 [label="X[55] <= 0.5000\ngini = 0.18\nsamples = 10", shape="box"] ;
178 -> 179 ;
180 [label="gini = 0.3200\nsamples = 5\nvalue = [ 1.  4.]", shape="box"] ;
179 -> 180 ;
181 [label="gini = 0.0000\nsamples = 5\nvalue = [ 0.  5.]", shape="box"] ;
179 -> 181 ;
182 [label="gini = 0.0000\nsamples = 27\nvalue = [  0.  27.]", shape="box"] ;
178 -> 182 ;
183 [label="X[96] <= 0.5000\ngini = 0.132653061224\nsamples = 14", shape="box"] ;
175 -> 183 ;
184 [label="gini = 0.0000\nsamples = 9\nvalue = [ 0.  9.]", shape="box"] ;
183 -> 184 ;
185 [label="gini = 0.3200\nsamples = 5\nvalue = [ 1.  4.]", shape="box"] ;
183 -> 185 ;
186 [label="gini = 0.1975\nsamples = 9\nvalue = [ 1.  8.]", shape="box"] ;
174 -> 186 ;
187 [label="gini = 0.2449\nsamples = 7\nvalue = [ 1.  6.]", shape="box"] ;
173 -> 187 ;
188 [label="gini = 0.3200\nsamples = 5\nvalue = [ 1.  4.]", shape="box"] ;
172 -> 188 ;
189 [label="gini = 0.0000\nsamples = 236\nvalue = [   0.  236.]", shape="box"] ;
171 -> 189 ;
190 [label="gini = 0.3200\nsamples = 5\nvalue = [ 1.  4.]", shape="box"] ;
170 -> 190 ;
191 [label="gini = 0.3200\nsamples = 5\nvalue = [ 1.  4.]", shape="box"] ;
169 -> 191 ;
192 [label="gini = 0.3200\nsamples = 5\nvalue = [ 1.  4.]", shape="box"] ;
168 -> 192 ;
193 [label="X[15] <= 0.5000\ngini = 0.277777777778\nsamples = 12", shape="box"] ;
167 -> 193 ;
194 [label="gini = 0.4800\nsamples = 5\nvalue = [ 2.  3.]", shape="box"] ;
193 -> 194 ;
195 [label="gini = 0.0000\nsamples = 7\nvalue = [ 0.  7.]", shape="box"] ;
193 -> 195 ;
196 [label="X[26] <= 0.5000\ngini = 0.106799572802\nsamples = 53", shape="box"] ;
26 -> 196 ;
197 [label="gini = 0.0000\nsamples = 45\nvalue = [  0.  45.]", shape="box"] ;
196 -> 197 ;
198 [label="gini = 0.4688\nsamples = 8\nvalue = [ 3.  5.]", shape="box"] ;
196 -> 198 ;
199 [label="gini = 0.2778\nsamples = 6\nvalue = [ 1.  5.]", shape="box"] ;
25 -> 199 ;
200 [label="gini = 0.2778\nsamples = 6\nvalue = [ 1.  5.]", shape="box"] ;
24 -> 200 ;
201 [label="gini = 0.2778\nsamples = 6\nvalue = [ 1.  5.]", shape="box"] ;
23 -> 201 ;
202 [label="gini = 0.3200\nsamples = 5\nvalue = [ 1.  4.]", shape="box"] ;
22 -> 202 ;
203 [label="gini = 0.3200\nsamples = 5\nvalue = [ 1.  4.]", shape="box"] ;
21 -> 203 ;
204 [label="gini = 0.3200\nsamples = 5\nvalue = [ 1.  4.]", shape="box"] ;
20 -> 204 ;
205 [label="X[242] <= 1.5000\ngini = 0.149937526031\nsamples = 49", shape="box"] ;
19 -> 205 ;
206 [label="X[194] <= 4.5000\ngini = 0.04875\nsamples = 40", shape="box"] ;
205 -> 206 ;
207 [label="gini = 0.0000\nsamples = 35\nvalue = [  0.  35.]", shape="box"] ;
206 -> 207 ;
208 [label="gini = 0.3200\nsamples = 5\nvalue = [ 1.  4.]", shape="box"] ;
206 -> 208 ;
209 [label="gini = 0.4444\nsamples = 9\nvalue = [ 3.  6.]", shape="box"] ;
205 -> 209 ;
210 [label="X[194] <= 1.5000\ngini = 0.255\nsamples = 20", shape="box"] ;
18 -> 210 ;
211 [label="gini = 0.0000\nsamples = 13\nvalue = [  0.  13.]", shape="box"] ;
210 -> 211 ;
212 [label="gini = 0.4898\nsamples = 7\nvalue = [ 3.  4.]", shape="box"] ;
210 -> 212 ;
213 [label="X[70] <= 0.5000\ngini = 0.155393378426\nsamples = 106", shape="box"] ;
17 -> 213 ;
214 [label="X[75] <= 0.5000\ngini = 0.1128\nsamples = 100", shape="box"] ;
213 -> 214 ;
215 [label="X[129] <= 2.5000\ngini = 0.0644444444444\nsamples = 90", shape="box"] ;
214 -> 215 ;
216 [label="X[136] <= 2.5000\ngini = 0.0240928019036\nsamples = 82", shape="box"] ;
215 -> 216 ;
217 [label="gini = 0.0000\nsamples = 77\nvalue = [  0.  77.]", shape="box"] ;
216 -> 217 ;
218 [label="gini = 0.3200\nsamples = 5\nvalue = [ 1.  4.]", shape="box"] ;
216 -> 218 ;
219 [label="gini = 0.3750\nsamples = 8\nvalue = [ 2.  6.]", shape="box"] ;
215 -> 219 ;
220 [label="gini = 0.4200\nsamples = 10\nvalue = [ 3.  7.]", shape="box"] ;
214 -> 220 ;
221 [label="gini = 0.5000\nsamples = 6\nvalue = [ 3.  3.]", shape="box"] ;
213 -> 221 ;
222 [label="X[94] <= 0.5000\ngini = 0.415224913495\nsamples = 17", shape="box"] ;
16 -> 222 ;
223 [label="X[26] <= 0.5000\ngini = 0.152777777778\nsamples = 12", shape="box"] ;
222 -> 223 ;
224 [label="gini = 0.0000\nsamples = 7\nvalue = [ 0.  7.]", shape="box"] ;
223 -> 224 ;
225 [label="gini = 0.3200\nsamples = 5\nvalue = [ 1.  4.]", shape="box"] ;
223 -> 225 ;
226 [label="gini = 0.3200\nsamples = 5\nvalue = [ 4.  1.]", shape="box"] ;
222 -> 226 ;
227 [label="X[234] <= 0.5000\ngini = 0.214158239143\nsamples = 123", shape="box"] ;
15 -> 227 ;
228 [label="X[186] <= 0.5000\ngini = 0.163947731515\nsamples = 111", shape="box"] ;
227 -> 228 ;
229 [label="X[76] <= 0.5000\ngini = 0.110726643599\nsamples = 102", shape="box"] ;
228 -> 229 ;
230 [label="X[108] <= 0.5000\ngini = 0.204142011834\nsamples = 52", shape="box"] ;
229 -> 230 ;
231 [label="X[89] <= 0.5000\ngini = 0.15572657311\nsamples = 47", shape="box"] ;
230 -> 231 ;
232 [label="X[194] <= 0.5000\ngini = 0.095\nsamples = 40", shape="box"] ;
231 -> 232 ;
233 [label="gini = 0.0000\nsamples = 30\nvalue = [  0.  30.]", shape="box"] ;
232 -> 233 ;
234 [label="X[165] <= 0.5000\ngini = 0.32\nsamples = 10", shape="box"] ;
232 -> 234 ;
235 [label="gini = 0.3200\nsamples = 5\nvalue = [ 1.  4.]", shape="box"] ;
234 -> 235 ;
236 [label="gini = 0.3200\nsamples = 5\nvalue = [ 1.  4.]", shape="box"] ;
234 -> 236 ;
237 [label="gini = 0.4082\nsamples = 7\nvalue = [ 2.  5.]", shape="box"] ;
231 -> 237 ;
238 [label="gini = 0.4800\nsamples = 5\nvalue = [ 2.  3.]", shape="box"] ;
230 -> 238 ;
239 [label="gini = 0.0000\nsamples = 50\nvalue = [  0.  50.]", shape="box"] ;
229 -> 239 ;
240 [label="gini = 0.4938\nsamples = 9\nvalue = [ 4.  5.]", shape="box"] ;
228 -> 240 ;
241 [label="X[298] <= 0.5000\ngini = 0.486111111111\nsamples = 12", shape="box"] ;
227 -> 241 ;
242 [label="gini = 0.4082\nsamples = 7\nvalue = [ 5.  2.]", shape="box"] ;
241 -> 242 ;
243 [label="gini = 0.0000\nsamples = 5\nvalue = [ 0.  5.]", shape="box"] ;
241 -> 243 ;
244 [label="X[261] <= 0.5000\ngini = 0.36815193572\nsamples = 37", shape="box"] ;
14 -> 244 ;
245 [label="X[54] <= 0.5000\ngini = 0.0831758034026\nsamples = 23", shape="box"] ;
244 -> 245 ;
246 [label="X[118] <= 0.5000\ngini = 0.18\nsamples = 10", shape="box"] ;
245 -> 246 ;
247 [label="gini = 0.3200\nsamples = 5\nvalue = [ 1.  4.]", shape="box"] ;
246 -> 247 ;
248 [label="gini = 0.0000\nsamples = 5\nvalue = [ 0.  5.]", shape="box"] ;
246 -> 248 ;
249 [label="gini = 0.0000\nsamples = 13\nvalue = [  0.  13.]", shape="box"] ;
245 -> 249 ;
250 [label="X[261] <= 1.5000\ngini = 0.489795918367\nsamples = 14", shape="box"] ;
244 -> 250 ;
251 [label="gini = 0.3457\nsamples = 9\nvalue = [ 7.  2.]", shape="box"] ;
250 -> 251 ;
252 [label="gini = 0.3200\nsamples = 5\nvalue = [ 1.  4.]", shape="box"] ;
250 -> 252 ;
253 [label="X[129] <= 1.5000\ngini = 0.497041420118\nsamples = 13", shape="box"] ;
13 -> 253 ;
254 [label="gini = 0.3750\nsamples = 8\nvalue = [ 6.  2.]", shape="box"] ;
253 -> 254 ;
255 [label="gini = 0.0000\nsamples = 5\nvalue = [ 0.  5.]", shape="box"] ;
253 -> 255 ;
256 [label="X[26] <= 0.5000\ngini = 0.422405876951\nsamples = 33", shape="box"] ;
12 -> 256 ;
257 [label="X[256] <= 0.5000\ngini = 0.158790170132\nsamples = 23", shape="box"] ;
256 -> 257 ;
258 [label="gini = 0.0000\nsamples = 18\nvalue = [  0.  18.]", shape="box"] ;
257 -> 258 ;
259 [label="gini = 0.4800\nsamples = 5\nvalue = [ 2.  3.]", shape="box"] ;
257 -> 259 ;
260 [label="X[37] <= 0.5000\ngini = 0.32\nsamples = 10", shape="box"] ;
256 -> 260 ;
261 [label="gini = 0.4800\nsamples = 5\nvalue = [ 3.  2.]", shape="box"] ;
260 -> 261 ;
262 [label="gini = 0.0000\nsamples = 5\nvalue = [ 5.  0.]", shape="box"] ;
260 -> 262 ;
263 [label="X[24] <= 1.5000\ngini = 0.444444444444\nsamples = 36", shape="box"] ;
11 -> 263 ;
264 [label="X[290] <= 1.5000\ngini = 0.4296875\nsamples = 16", shape="box"] ;
263 -> 264 ;
265 [label="gini = 0.4444\nsamples = 6\nvalue = [ 2.  4.]", shape="box"] ;
264 -> 265 ;
266 [label="X[70] <= 0.5000\ngini = 0.18\nsamples = 10", shape="box"] ;
264 -> 266 ;
267 [label="gini = 0.0000\nsamples = 5\nvalue = [ 5.  0.]", shape="box"] ;
266 -> 267 ;
268 [label="gini = 0.3200\nsamples = 5\nvalue = [ 4.  1.]", shape="box"] ;
266 -> 268 ;
269 [label="X[24] <= 9.0000\ngini = 0.095\nsamples = 20", shape="box"] ;
263 -> 269 ;
270 [label="gini = 0.3200\nsamples = 5\nvalue = [ 1.  4.]", shape="box"] ;
269 -> 270 ;
271 [label="gini = 0.0000\nsamples = 15\nvalue = [  0.  15.]", shape="box"] ;
269 -> 271 ;
272 [label="X[105] <= 0.5000\ngini = 0.456747404844\nsamples = 34", shape="box"] ;
10 -> 272 ;
273 [label="X[24] <= 0.5000\ngini = 0.415224913495\nsamples = 17", shape="box"] ;
272 -> 273 ;
274 [label="gini = 0.0000\nsamples = 7\nvalue = [ 7.  0.]", shape="box"] ;
273 -> 274 ;
275 [label="X[133] <= 0.5000\ngini = 0.5\nsamples = 10", shape="box"] ;
273 -> 275 ;
276 [label="gini = 0.3200\nsamples = 5\nvalue = [ 1.  4.]", shape="box"] ;
275 -> 276 ;
277 [label="gini = 0.3200\nsamples = 5\nvalue = [ 4.  1.]", shape="box"] ;
275 -> 277 ;
278 [label="gini = 0.0000\nsamples = 17\nvalue = [  0.  17.]", shape="box"] ;
272 -> 278 ;
279 [label="X[291] <= 0.5000\ngini = 0.477502295684\nsamples = 33", shape="box"] ;
9 -> 279 ;
280 [label="X[103] <= 0.5000\ngini = 0.277777777778\nsamples = 24", shape="box"] ;
279 -> 280 ;
281 [label="X[43] <= 0.5000\ngini = 0.359861591696\nsamples = 17", shape="box"] ;
280 -> 281 ;
282 [label="gini = 0.4898\nsamples = 7\nvalue = [ 3.  4.]", shape="box"] ;
281 -> 282 ;
283 [label="X[256] <= 0.5000\ngini = 0.18\nsamples = 10", shape="box"] ;
281 -> 283 ;
284 [label="gini = 0.0000\nsamples = 5\nvalue = [ 0.  5.]", shape="box"] ;
283 -> 284 ;
285 [label="gini = 0.3200\nsamples = 5\nvalue = [ 1.  4.]", shape="box"] ;
283 -> 285 ;
286 [label="gini = 0.0000\nsamples = 7\nvalue = [ 0.  7.]", shape="box"] ;
280 -> 286 ;
287 [label="gini = 0.0000\nsamples = 9\nvalue = [ 9.  0.]", shape="box"] ;
279 -> 287 ;
288 [label="gini = 0.0000\nsamples = 5\nvalue = [ 5.  0.]", shape="box"] ;
8 -> 288 ;
289 [label="gini = 0.0000\nsamples = 10\nvalue = [ 10.   0.]", shape="box"] ;
7 -> 289 ;
290 [label="X[6] <= 0.5000\ngini = 0.434585785423\nsamples = 47", shape="box"] ;
6 -> 290 ;
291 [label="X[70] <= 0.5000\ngini = 0.362811791383\nsamples = 42", shape="box"] ;
290 -> 291 ;
292 [label="X[108] <= 1.5000\ngini = 0.459183673469\nsamples = 28", shape="box"] ;
291 -> 292 ;
293 [label="X[210] <= 1.5000\ngini = 0.495867768595\nsamples = 22", shape="box"] ;
292 -> 293 ;
294 [label="X[104] <= 0.5000\ngini = 0.48\nsamples = 10", shape="box"] ;
293 -> 294 ;
295 [label="gini = 0.4800\nsamples = 5\nvalue = [ 2.  3.]", shape="box"] ;
294 -> 295 ;
296 [label="gini = 0.4800\nsamples = 5\nvalue = [ 2.  3.]", shape="box"] ;
294 -> 296 ;
297 [label="X[153] <= 1.5000\ngini = 0.444444444444\nsamples = 12", shape="box"] ;
293 -> 297 ;
298 [label="gini = 0.2449\nsamples = 7\nvalue = [ 6.  1.]", shape="box"] ;
297 -> 298 ;
299 [label="gini = 0.4800\nsamples = 5\nvalue = [ 2.  3.]", shape="box"] ;
297 -> 299 ;
300 [label="gini = 0.0000\nsamples = 6\nvalue = [ 6.  0.]", shape="box"] ;
292 -> 300 ;
301 [label="gini = 0.0000\nsamples = 14\nvalue = [ 14.   0.]", shape="box"] ;
291 -> 301 ;
302 [label="gini = 0.0000\nsamples = 5\nvalue = [ 0.  5.]", shape="box"] ;
290 -> 302 ;
303 [label="X[105] <= 0.5000\ngini = 0.1472\nsamples = 50", shape="box"] ;
5 -> 303 ;
304 [label="X[199] <= 0.5000\ngini = 0.0434567901235\nsamples = 45", shape="box"] ;
303 -> 304 ;
305 [label="gini = 0.0000\nsamples = 34\nvalue = [ 34.   0.]", shape="box"] ;
304 -> 305 ;
306 [label="X[255] <= 2.5000\ngini = 0.165289256198\nsamples = 11", shape="box"] ;
304 -> 306 ;
307 [label="gini = 0.3200\nsamples = 5\nvalue = [ 4.  1.]", shape="box"] ;
306 -> 307 ;
308 [label="gini = 0.0000\nsamples = 6\nvalue = [ 6.  0.]", shape="box"] ;
306 -> 308 ;
309 [label="gini = 0.4800\nsamples = 5\nvalue = [ 2.  3.]", shape="box"] ;
303 -> 309 ;
310 [label="X[225] <= 0.5000\ngini = 0.497737738543\nsamples = 223", shape="box"] ;
4 -> 310 ;
311 [label="X[70] <= 1.5000\ngini = 0.441751228083\nsamples = 167", shape="box"] ;
310 -> 311 ;
312 [label="X[108] <= 1.5000\ngini = 0.392775100221\nsamples = 149", shape="box"] ;
311 -> 312 ;
313 [label="X[178] <= 0.5000\ngini = 0.348351186725\nsamples = 138", shape="box"] ;
312 -> 313 ;
314 [label="X[231] <= 0.5000\ngini = 0.316345270891\nsamples = 132", shape="box"] ;
313 -> 314 ;
315 [label="X[267] <= 2.5000\ngini = 0.199291961683\nsamples = 98", shape="box"] ;
314 -> 315 ;
316 [label="X[89] <= 0.5000\ngini = 0.12574169928\nsamples = 89", shape="box"] ;
315 -> 316 ;
317 [label="X[84] <= 0.5000\ngini = 0.0713305898491\nsamples = 81", shape="box"] ;
316 -> 317 ;
318 [label="X[294] <= 0.5000\ngini = 0.0294052127423\nsamples = 67", shape="box"] ;
317 -> 318 ;
319 [label="gini = 0.0000\nsamples = 60\nvalue = [  0.  60.]", shape="box"] ;
318 -> 319 ;
320 [label="gini = 0.2449\nsamples = 7\nvalue = [ 1.  6.]", shape="box"] ;
318 -> 320 ;
321 [label="X[300] <= 0.5000\ngini = 0.244897959184\nsamples = 14", shape="box"] ;
317 -> 321 ;
322 [label="gini = 0.4444\nsamples = 6\nvalue = [ 2.  4.]", shape="box"] ;
321 -> 322 ;
323 [label="gini = 0.0000\nsamples = 8\nvalue = [ 0.  8.]", shape="box"] ;
321 -> 323 ;
324 [label="gini = 0.4688\nsamples = 8\nvalue = [ 3.  5.]", shape="box"] ;
316 -> 324 ;
325 [label="gini = 0.4938\nsamples = 9\nvalue = [ 5.  4.]", shape="box"] ;
315 -> 325 ;
326 [label="X[268] <= 0.5000\ngini = 0.493079584775\nsamples = 34", shape="box"] ;
314 -> 326 ;
327 [label="X[129] <= 0.5000\ngini = 0.455\nsamples = 20", shape="box"] ;
326 -> 327 ;
328 [label="gini = 0.0000\nsamples = 6\nvalue = [ 6.  0.]", shape="box"] ;
327 -> 328 ;
329 [label="X[129] <= 3.0000\ngini = 0.5\nsamples = 14", shape="box"] ;
327 -> 329 ;
330 [label="gini = 0.2778\nsamples = 6\nvalue = [ 1.  5.]", shape="box"] ;
329 -> 330 ;
331 [label="gini = 0.3750\nsamples = 8\nvalue = [ 6.  2.]", shape="box"] ;
329 -> 331 ;
332 [label="X[79] <= 0.5000\ngini = 0.244897959184\nsamples = 14", shape="box"] ;
326 -> 332 ;
333 [label="gini = 0.0000\nsamples = 8\nvalue = [ 0.  8.]", shape="box"] ;
332 -> 333 ;
334 [label="gini = 0.4444\nsamples = 6\nvalue = [ 2.  4.]", shape="box"] ;
332 -> 334 ;
335 [label="gini = 0.2778\nsamples = 6\nvalue = [ 5.  1.]", shape="box"] ;
313 -> 335 ;
336 [label="X[230] <= 0.5000\ngini = 0.297520661157\nsamples = 11", shape="box"] ;
312 -> 336 ;
337 [label="gini = 0.0000\nsamples = 6\nvalue = [ 6.  0.]", shape="box"] ;
336 -> 337 ;
338 [label="gini = 0.4800\nsamples = 5\nvalue = [ 3.  2.]", shape="box"] ;
336 -> 338 ;
339 [label="X[8] <= 0.5000\ngini = 0.277777777778\nsamples = 18", shape="box"] ;
311 -> 339 ;
340 [label="gini = 0.0000\nsamples = 13\nvalue = [ 13.   0.]", shape="box"] ;
339 -> 340 ;
341 [label="gini = 0.4800\nsamples = 5\nvalue = [ 2.  3.]", shape="box"] ;
339 -> 341 ;
342 [label="X[26] <= 0.5000\ngini = 0.21875\nsamples = 56", shape="box"] ;
310 -> 342 ;
343 [label="gini = 0.3750\nsamples = 8\nvalue = [ 2.  6.]", shape="box"] ;
342 -> 343 ;
344 [label="X[31] <= 4.5000\ngini = 0.0407986111111\nsamples = 48", shape="box"] ;
342 -> 344 ;
345 [label="gini = 0.0000\nsamples = 43\nvalue = [ 43.   0.]", shape="box"] ;
344 -> 345 ;
346 [label="gini = 0.3200\nsamples = 5\nvalue = [ 4.  1.]", shape="box"] ;
344 -> 346 ;
347 [label="X[275] <= 2.5000\ngini = 0.263277501894\nsamples = 109", shape="box"] ;
3 -> 347 ;
348 [label="X[26] <= 1.5000\ngini = 0.194098617783\nsamples = 101", shape="box"] ;
347 -> 348 ;
349 [label="X[292] <= 0.5000\ngini = 0.0253122945431\nsamples = 78", shape="box"] ;
348 -> 349 ;
350 [label="gini = 0.0000\nsamples = 73\nvalue = [ 73.   0.]", shape="box"] ;
349 -> 350 ;
351 [label="gini = 0.3200\nsamples = 5\nvalue = [ 4.  1.]", shape="box"] ;
349 -> 351 ;
352 [label="X[247] <= 0.5000\ngini = 0.491493383743\nsamples = 23", shape="box"] ;
348 -> 352 ;
353 [label="X[169] <= 0.5000\ngini = 0.459183673469\nsamples = 14", shape="box"] ;
352 -> 353 ;
354 [label="gini = 0.4898\nsamples = 7\nvalue = [ 4.  3.]", shape="box"] ;
353 -> 354 ;
355 [label="gini = 0.2449\nsamples = 7\nvalue = [ 1.  6.]", shape="box"] ;
353 -> 355 ;
356 [label="gini = 0.1975\nsamples = 9\nvalue = [ 8.  1.]", shape="box"] ;
352 -> 356 ;
357 [label="gini = 0.3750\nsamples = 8\nvalue = [ 2.  6.]", shape="box"] ;
347 -> 357 ;
358 [label="X[108] <= 0.5000\ngini = 0.157104492188\nsamples = 128", shape="box"] ;
2 -> 358 ;
359 [label="X[162] <= 0.5000\ngini = 0.4928\nsamples = 25", shape="box"] ;
358 -> 359 ;
360 [label="X[129] <= 0.5000\ngini = 0.475308641975\nsamples = 18", shape="box"] ;
359 -> 360 ;
361 [label="gini = 0.4444\nsamples = 6\nvalue = [ 4.  2.]", shape="box"] ;
360 -> 361 ;
362 [label="gini = 0.3750\nsamples = 12\nvalue = [ 3.  9.]", shape="box"] ;
360 -> 362 ;
363 [label="gini = 0.0000\nsamples = 7\nvalue = [ 7.  0.]", shape="box"] ;
359 -> 363 ;
364 [label="gini = 0.0000\nsamples = 103\nvalue = [ 103.    0.]", shape="box"] ;
358 -> 364 ;
365 [label="X[31] <= 0.5000\ngini = 0.375632110239\nsamples = 395", shape="box"] ;
1 -> 365 ;
366 [label="X[277] <= 0.5000\ngini = 0.277777777778\nsamples = 294", shape="box"] ;
365 -> 366 ;
367 [label="X[209] <= 1.5000\ngini = 0.232172862844\nsamples = 276", shape="box"] ;
366 -> 367 ;
368 [label="X[27] <= 3.0000\ngini = 0.2082760311\nsamples = 271", shape="box"] ;
367 -> 368 ;
369 [label="X[117] <= 0.5000\ngini = 0.177571166208\nsamples = 264", shape="box"] ;
368 -> 369 ;
370 [label="X[56] <= 0.5000\ngini = 0.138917964661\nsamples = 253", shape="box"] ;
369 -> 370 ;
371 [label="X[121] <= 0.5000\ngini = 0.107755102041\nsamples = 245", shape="box"] ;
370 -> 371 ;
372 [label="X[165] <= 1.5000\ngini = 0.0739644970414\nsamples = 234", shape="box"] ;
371 -> 372 ;
373 [label="X[174] <= 0.5000\ngini = 0.0512465373961\nsamples = 228", shape="box"] ;
372 -> 373 ;
374 [label="X[253] <= 0.5000\ngini = 0.0187776554884\nsamples = 211", shape="box"] ;
373 -> 374 ;
375 [label="X[14] <= 0.5000\ngini = 0.00966160806862\nsamples = 206", shape="box"] ;
374 -> 375 ;
376 [label="gini = 0.0000\nsamples = 199\nvalue = [ 199.    0.]", shape="box"] ;
375 -> 376 ;
377 [label="gini = 0.2449\nsamples = 7\nvalue = [ 6.  1.]", shape="box"] ;
375 -> 377 ;
378 [label="gini = 0.3200\nsamples = 5\nvalue = [ 4.  1.]", shape="box"] ;
374 -> 378 ;
379 [label="X[76] <= 0.5000\ngini = 0.359861591696\nsamples = 17", shape="box"] ;
373 -> 379 ;
380 [label="gini = 0.5000\nsamples = 8\nvalue = [ 4.  4.]", shape="box"] ;
379 -> 380 ;
381 [label="gini = 0.0000\nsamples = 9\nvalue = [ 9.  0.]", shape="box"] ;
379 -> 381 ;
382 [label="gini = 0.5000\nsamples = 6\nvalue = [ 3.  3.]", shape="box"] ;
372 -> 382 ;
383 [label="X[98] <= 1.5000\ngini = 0.495867768595\nsamples = 11", shape="box"] ;
371 -> 383 ;
384 [label="gini = 0.2778\nsamples = 6\nvalue = [ 1.  5.]", shape="box"] ;
383 -> 384 ;
385 [label="gini = 0.0000\nsamples = 5\nvalue = [ 5.  0.]", shape="box"] ;
383 -> 385 ;
386 [label="gini = 0.4688\nsamples = 8\nvalue = [ 3.  5.]", shape="box"] ;
370 -> 386 ;
387 [label="X[224] <= 0.5000\ngini = 0.462809917355\nsamples = 11", shape="box"] ;
369 -> 387 ;
388 [label="gini = 0.0000\nsamples = 5\nvalue = [ 0.  5.]", shape="box"] ;
387 -> 388 ;
389 [label="gini = 0.4444\nsamples = 6\nvalue = [ 4.  2.]", shape="box"] ;
387 -> 389 ;
390 [label="gini = 0.2449\nsamples = 7\nvalue = [ 1.  6.]", shape="box"] ;
368 -> 390 ;
391 [label="gini = 0.0000\nsamples = 5\nvalue = [ 0.  5.]", shape="box"] ;
367 -> 391 ;
392 [label="X[108] <= 0.5000\ngini = 0.444444444444\nsamples = 18", shape="box"] ;
366 -> 392 ;
393 [label="X[62] <= 1.0000\ngini = 0.14201183432\nsamples = 13", shape="box"] ;
392 -> 393 ;
394 [label="gini = 0.0000\nsamples = 8\nvalue = [ 0.  8.]", shape="box"] ;
393 -> 394 ;
395 [label="gini = 0.3200\nsamples = 5\nvalue = [ 1.  4.]", shape="box"] ;
393 -> 395 ;
396 [label="gini = 0.0000\nsamples = 5\nvalue = [ 5.  0.]", shape="box"] ;
392 -> 396 ;
397 [label="X[26] <= 0.5000\ngini = 0.499950985198\nsamples = 101", shape="box"] ;
365 -> 397 ;
398 [label="X[76] <= 2.0000\ngini = 0.197530864198\nsamples = 27", shape="box"] ;
397 -> 398 ;
399 [label="gini = 0.0000\nsamples = 22\nvalue = [  0.  22.]", shape="box"] ;
398 -> 399 ;
400 [label="gini = 0.4800\nsamples = 5\nvalue = [ 3.  2.]", shape="box"] ;
398 -> 400 ;
401 [label="X[264] <= 3.5000\ngini = 0.45580715851\nsamples = 74", shape="box"] ;
397 -> 401 ;
402 [label="X[243] <= 1.5000\ngini = 0.35030259879\nsamples = 53", shape="box"] ;
401 -> 402 ;
403 [label="X[243] <= 0.5000\ngini = 0.168739859383\nsamples = 43", shape="box"] ;
402 -> 403 ;
404 [label="X[38] <= 1.5000\ngini = 0.058769513315\nsamples = 33", shape="box"] ;
403 -> 404 ;
405 [label="gini = 0.0000\nsamples = 28\nvalue = [ 28.   0.]", shape="box"] ;
404 -> 405 ;
406 [label="gini = 0.3200\nsamples = 5\nvalue = [ 4.  1.]", shape="box"] ;
404 -> 406 ;
407 [label="X[98] <= 1.5000\ngini = 0.42\nsamples = 10", shape="box"] ;
403 -> 407 ;
408 [label="gini = 0.4800\nsamples = 5\nvalue = [ 2.  3.]", shape="box"] ;
407 -> 408 ;
409 [label="gini = 0.0000\nsamples = 5\nvalue = [ 5.  0.]", shape="box"] ;
407 -> 409 ;
410 [label="X[129] <= 6.5000\ngini = 0.32\nsamples = 10", shape="box"] ;
402 -> 410 ;
411 [label="gini = 0.0000\nsamples = 5\nvalue = [ 0.  5.]", shape="box"] ;
410 -> 411 ;
412 [label="gini = 0.4800\nsamples = 5\nvalue = [ 2.  3.]", shape="box"] ;
410 -> 412 ;
413 [label="X[66] <= 0.5000\ngini = 0.444444444444\nsamples = 21", shape="box"] ;
401 -> 413 ;
414 [label="gini = 0.4800\nsamples = 5\nvalue = [ 3.  2.]", shape="box"] ;
413 -> 414 ;
415 [label="X[70] <= 1.5000\ngini = 0.375\nsamples = 16", shape="box"] ;
413 -> 415 ;
416 [label="X[27] <= 0.5000\ngini = 0.32\nsamples = 10", shape="box"] ;
415 -> 416 ;
417 [label="gini = 0.3200\nsamples = 5\nvalue = [ 1.  4.]", shape="box"] ;
416 -> 417 ;
418 [label="gini = 0.3200\nsamples = 5\nvalue = [ 1.  4.]", shape="box"] ;
416 -> 418 ;
419 [label="gini = 0.4444\nsamples = 6\nvalue = [ 2.  4.]", shape="box"] ;
415 -> 419 ;
420 [label="X[268] <= 0.5000\ngini = 0.129155881677\nsamples = 2176", shape="box"] ;
0 -> 420 ;
421 [label="X[200] <= 0.5000\ngini = 0.0700181699198\nsamples = 2092", shape="box"] ;
420 -> 421 ;
422 [label="X[263] <= 2.5000\ngini = 0.0355652540377\nsamples = 2043", shape="box"] ;
421 -> 422 ;
423 [label="X[117] <= 1.5000\ngini = 0.0309251840461\nsamples = 2037", shape="box"] ;
422 -> 423 ;
424 [label="X[211] <= 2.5000\ngini = 0.0262471790143\nsamples = 2030", shape="box"] ;
423 -> 424 ;
425 [label="X[243] <= 1.5000\ngini = 0.0224690082645\nsamples = 2024", shape="box"] ;
424 -> 425 ;
426 [label="X[189] <= 0.5000\ngini = 0.0186623909953\nsamples = 2017", shape="box"] ;
425 -> 426 ;
427 [label="X[220] <= 0.5000\ngini = 0.0138744467154\nsamples = 2004", shape="box"] ;
426 -> 427 ;
428 [label="X[242] <= 1.5000\ngini = 0.00905413869378\nsamples = 1979", shape="box"] ;
427 -> 428 ;
429 [label="X[129] <= 18.0000\ngini = 0.00614433488999\nsamples = 1947", shape="box"] ;
428 -> 429 ;
430 [label="X[47] <= 0.5000\ngini = 0.00513607278428\nsamples = 1942", shape="box"] ;
429 -> 430 ;
431 [label="X[159] <= 0.5000\ngini = 0.00311525721559\nsamples = 1923", shape="box"] ;
430 -> 431 ;
432 [label="X[147] <= 0.5000\ngini = 0.00106723555491\nsamples = 1873", shape="box"] ;
431 -> 432 ;
433 [label="gini = 0.0000\nsamples = 1852\nvalue = [ 1852.     0.]", shape="box"] ;
432 -> 433 ;
434 [label="X[123] <= 0.5000\ngini = 0.0907029478458\nsamples = 21", shape="box"] ;
432 -> 434 ;
435 [label="gini = 0.2449\nsamples = 7\nvalue = [ 6.  1.]", shape="box"] ;
434 -> 435 ;
436 [label="gini = 0.0000\nsamples = 14\nvalue = [ 14.   0.]", shape="box"] ;
434 -> 436 ;
437 [label="X[26] <= 0.5000\ngini = 0.0768\nsamples = 50", shape="box"] ;
431 -> 437 ;
438 [label="gini = 0.4800\nsamples = 5\nvalue = [ 3.  2.]", shape="box"] ;
437 -> 438 ;
439 [label="gini = 0.0000\nsamples = 45\nvalue = [ 45.   0.]", shape="box"] ;
437 -> 439 ;
440 [label="X[223] <= 0.5000\ngini = 0.18836565097\nsamples = 19", shape="box"] ;
430 -> 440 ;
441 [label="gini = 0.0000\nsamples = 14\nvalue = [ 14.   0.]", shape="box"] ;
440 -> 441 ;
442 [label="gini = 0.4800\nsamples = 5\nvalue = [ 3.  2.]", shape="box"] ;
440 -> 442 ;
443 [label="gini = 0.3200\nsamples = 5\nvalue = [ 4.  1.]", shape="box"] ;
429 -> 443 ;
444 [label="X[108] <= 0.5000\ngini = 0.169921875\nsamples = 32", shape="box"] ;
428 -> 444 ;
445 [label="X[213] <= 0.5000\ngini = 0.396694214876\nsamples = 11", shape="box"] ;
444 -> 445 ;
446 [label="gini = 0.5000\nsamples = 6\nvalue = [ 3.  3.]", shape="box"] ;
445 -> 446 ;
447 [label="gini = 0.0000\nsamples = 5\nvalue = [ 5.  0.]", shape="box"] ;
445 -> 447 ;
448 [label="gini = 0.0000\nsamples = 21\nvalue = [ 21.   0.]", shape="box"] ;
444 -> 448 ;
449 [label="X[261] <= 0.5000\ngini = 0.32\nsamples = 25", shape="box"] ;
427 -> 449 ;
450 [label="X[119] <= 0.5000\ngini = 0.095\nsamples = 20", shape="box"] ;
449 -> 450 ;
451 [label="gini = 0.0000\nsamples = 15\nvalue = [ 15.   0.]", shape="box"] ;
450 -> 451 ;
452 [label="gini = 0.3200\nsamples = 5\nvalue = [ 4.  1.]", shape="box"] ;
450 -> 452 ;
453 [label="gini = 0.3200\nsamples = 5\nvalue = [ 1.  4.]", shape="box"] ;
449 -> 453 ;
454 [label="X[129] <= 6.5000\ngini = 0.473372781065\nsamples = 13", shape="box"] ;
426 -> 454 ;
455 [label="gini = 0.4688\nsamples = 8\nvalue = [ 3.  5.]", shape="box"] ;
454 -> 455 ;
456 [label="gini = 0.0000\nsamples = 5\nvalue = [ 5.  0.]", shape="box"] ;
454 -> 456 ;
457 [label="gini = 0.4898\nsamples = 7\nvalue = [ 3.  4.]", shape="box"] ;
425 -> 457 ;
458 [label="gini = 0.4444\nsamples = 6\nvalue = [ 2.  4.]", shape="box"] ;
424 -> 458 ;
459 [label="gini = 0.4082\nsamples = 7\nvalue = [ 2.  5.]", shape="box"] ;
423 -> 459 ;
460 [label="gini = 0.2778\nsamples = 6\nvalue = [ 1.  5.]", shape="box"] ;
422 -> 460 ;
461 [label="X[70] <= 0.5000\ngini = 0.324864639733\nsamples = 49", shape="box"] ;
421 -> 461 ;
462 [label="X[196] <= 0.5000\ngini = 0.13875\nsamples = 40", shape="box"] ;
461 -> 462 ;
463 [label="X[258] <= 0.5000\ngini = 0.0570934256055\nsamples = 34", shape="box"] ;
462 -> 463 ;
464 [label="gini = 0.0000\nsamples = 29\nvalue = [  0.  29.]", shape="box"] ;
463 -> 464 ;
465 [label="gini = 0.3200\nsamples = 5\nvalue = [ 1.  4.]", shape="box"] ;
463 -> 465 ;
466 [label="gini = 0.4444\nsamples = 6\nvalue = [ 2.  4.]", shape="box"] ;
462 -> 466 ;
467 [label="gini = 0.3457\nsamples = 9\nvalue = [ 7.  2.]", shape="box"] ;
461 -> 467 ;
468 [label="X[213] <= 0.5000\ngini = 0.191326530612\nsamples = 84", shape="box"] ;
420 -> 468 ;
469 [label="X[108] <= 0.5000\ngini = 0.119986850756\nsamples = 78", shape="box"] ;
468 -> 469 ;
470 [label="X[267] <= 0.5000\ngini = 0.0277722674073\nsamples = 71", shape="box"] ;
469 -> 470 ;
471 [label="gini = 0.0000\nsamples = 66\nvalue = [  0.  66.]", shape="box"] ;
470 -> 471 ;
472 [label="gini = 0.3200\nsamples = 5\nvalue = [ 1.  4.]", shape="box"] ;
470 -> 472 ;
473 [label="gini = 0.4898\nsamples = 7\nvalue = [ 4.  3.]", shape="box"] ;
469 -> 473 ;
474 [label="gini = 0.4444\nsamples = 6\nvalue = [ 4.  2.]", shape="box"] ;
468 -> 474 ;
}